# JRE version: Java(TM) SE Runtime Environment (8.0_301-b09) (build 1.8.0_301-b09)
# Java VM: Java HotSpot(TM) 64-Bit Server VM (25.301-b09 mixed mode windows-amd64 compressed oops)
Heap:
 PSYoungGen      total 155136K, used 47281K [0x00000000f5580000, 0x0000000100000000, 0x0000000100000000)
  eden space 139776K, 22% used [0x00000000f5580000,0x00000000f74b0798,0x00000000fde00000)
  from space 15360K, 99% used [0x00000000ff100000,0x00000000ffffbf10,0x0000000100000000)
  to   space 17408K, 0% used [0x00000000fde00000,0x00000000fde00000,0x00000000fef00000)
 ParOldGen       total 175104K, used 15984K [0x00000000e0000000, 0x00000000eab00000, 0x00000000f5580000)
  object space 175104K, 9% used [0x00000000e0000000,0x00000000e0f9c2c0,0x00000000eab00000)
 Metaspace       used 51360K, capacity 54544K, committed 54656K, reserved 1095680K
  class space    used 7409K, capacity 8043K, committed 8064K, reserved 1048576K
GC Heap History (10 events):
Event: 4.698 GC heap before
{Heap before GC invocations=6 (full 1):
 PSYoungGen      total 141824K, used 131072K [0x00000000f5580000, 0x00000000fea80000, 0x0000000100000000)
  eden space 131072K, 100% used [0x00000000f5580000,0x00000000fd580000,0x00000000fd580000)
  from space 10752K, 0% used [0x00000000fe000000,0x00000000fe000000,0x00000000fea80000)
  to   space 10752K, 0% used [0x00000000fd580000,0x00000000fd580000,0x00000000fe000000)
 ParOldGen       total 175104K, used 9696K [0x00000000e0000000, 0x00000000eab00000, 0x00000000f5580000)
  object space 175104K, 5% used [0x00000000e0000000,0x00000000e0978048,0x00000000eab00000)
 Metaspace       used 32613K, capacity 33938K, committed 34176K, reserved 1079296K
  class space    used 4616K, capacity 4901K, committed 4992K, reserved 1048576K
Event: 4.710 GC heap after
Heap after GC invocations=6 (full 1):
 PSYoungGen      total 141824K, used 10734K [0x00000000f5580000, 0x0000000100000000, 0x0000000100000000)
  eden space 131072K, 0% used [0x00000000f5580000,0x00000000f5580000,0x00000000fd580000)
  from space 10752K, 99% used [0x00000000fd580000,0x00000000fdffbaf0,0x00000000fe000000)
  to   space 14848K, 0% used [0x00000000ff180000,0x00000000ff180000,0x0000000100000000)
 ParOldGen       total 175104K, used 12068K [0x00000000e0000000, 0x00000000eab00000, 0x00000000f5580000)
  object space 175104K, 6% used [0x00000000e0000000,0x00000000e0bc9238,0x00000000eab00000)
 Metaspace       used 32613K, capacity 33938K, committed 34176K, reserved 1079296K
  class space    used 4616K, capacity 4901K, committed 4992K, reserved 1048576K
}
Event: 4.961 GC heap before
{Heap before GC invocations=7 (full 1):
 PSYoungGen      total 141824K, used 44184K [0x00000000f5580000, 0x0000000100000000, 0x0000000100000000)
  eden space 131072K, 25% used [0x00000000f5580000,0x00000000f762a780,0x00000000fd580000)
  from space 10752K, 99% used [0x00000000fd580000,0x00000000fdffbaf0,0x00000000fe000000)
  to   space 14848K, 0% used [0x00000000ff180000,0x00000000ff180000,0x0000000100000000)
 ParOldGen       total 175104K, used 12068K [0x00000000e0000000, 0x00000000eab00000, 0x00000000f5580000)
  object space 175104K, 6% used [0x00000000e0000000,0x00000000e0bc9238,0x00000000eab00000)
 Metaspace       used 33974K, capacity 35328K, committed 35456K, reserved 1079296K
  class space    used 4837K, capacity 5152K, committed 5248K, reserved 1048576K
Event: 4.970 GC heap after
Heap after GC invocations=7 (full 1):
 PSYoungGen      total 160256K, used 8275K [0x00000000f5580000, 0x0000000100000000, 0x0000000100000000)
  eden space 145408K, 0% used [0x00000000f5580000,0x00000000f5580000,0x00000000fe380000)
  from space 14848K, 55% used [0x00000000ff180000,0x00000000ff994e28,0x0000000100000000)
  to   space 14336K, 0% used [0x00000000fe380000,0x00000000fe380000,0x00000000ff180000)
 ParOldGen       total 175104K, used 12076K [0x00000000e0000000, 0x00000000eab00000, 0x00000000f5580000)
  object space 175104K, 6% used [0x00000000e0000000,0x00000000e0bcb238,0x00000000eab00000)
 Metaspace       used 33974K, capacity 35328K, committed 35456K, reserved 1079296K
  class space    used 4837K, capacity 5152K, committed 5248K, reserved 1048576K
}
Event: 4.970 GC heap before
{Heap before GC invocations=8 (full 2):
 PSYoungGen      total 160256K, used 8275K [0x00000000f5580000, 0x0000000100000000, 0x0000000100000000)
  eden space 145408K, 0% used [0x00000000f5580000,0x00000000f5580000,0x00000000fe380000)
  from space 14848K, 55% used [0x00000000ff180000,0x00000000ff994e28,0x0000000100000000)
  to   space 14336K, 0% used [0x00000000fe380000,0x00000000fe380000,0x00000000ff180000)
 ParOldGen       total 175104K, used 12076K [0x00000000e0000000, 0x00000000eab00000, 0x00000000f5580000)
  object space 175104K, 6% used [0x00000000e0000000,0x00000000e0bcb238,0x00000000eab00000)
 Metaspace       used 33974K, capacity 35328K, committed 35456K, reserved 1079296K
  class space    used 4837K, capacity 5152K, committed 5248K, reserved 1048576K
Event: 5.008 GC heap after
Heap after GC invocations=8 (full 2):
 PSYoungGen      total 160256K, used 0K [0x00000000f5580000, 0x0000000100000000, 0x0000000100000000)
  eden space 145408K, 0% used [0x00000000f5580000,0x00000000f5580000,0x00000000fe380000)
  from space 14848K, 0% used [0x00000000ff180000,0x00000000ff180000,0x0000000100000000)
  to   space 14336K, 0% used [0x00000000fe380000,0x00000000fe380000,0x00000000ff180000)
 ParOldGen       total 175104K, used 15673K [0x00000000e0000000, 0x00000000eab00000, 0x00000000f5580000)
  object space 175104K, 8% used [0x00000000e0000000,0x00000000e0f4e7e0,0x00000000eab00000)
 Metaspace       used 33974K, capacity 35328K, committed 35456K, reserved 1079296K
  class space    used 4837K, capacity 5152K, committed 5248K, reserved 1048576K
}
Event: 6.881 GC heap before
{Heap before GC invocations=9 (full 2):
 PSYoungGen      total 160256K, used 145408K [0x00000000f5580000, 0x0000000100000000, 0x0000000100000000)
  eden space 145408K, 100% used [0x00000000f5580000,0x00000000fe380000,0x00000000fe380000)
  from space 14848K, 0% used [0x00000000ff180000,0x00000000ff180000,0x0000000100000000)
  to   space 14336K, 0% used [0x00000000fe380000,0x00000000fe380000,0x00000000ff180000)
 ParOldGen       total 175104K, used 15673K [0x00000000e0000000, 0x00000000eab00000, 0x00000000f5580000)
  object space 175104K, 8% used [0x00000000e0000000,0x00000000e0f4e7e0,0x00000000eab00000)
 Metaspace       used 45617K, capacity 47838K, committed 48000K, reserved 1089536K
  class space    used 6575K, capacity 7014K, committed 7040K, reserved 1048576K
Event: 6.901 GC heap after
Heap after GC invocations=9 (full 2):
 PSYoungGen      total 159232K, used 13601K [0x00000000f5580000, 0x0000000100000000, 0x0000000100000000)
  eden space 145408K, 0% used [0x00000000f5580000,0x00000000f5580000,0x00000000fe380000)
  from space 13824K, 98% used [0x00000000fe380000,0x00000000ff0c8658,0x00000000ff100000)
  to   space 15360K, 0% used [0x00000000ff100000,0x00000000ff100000,0x0000000100000000)
 ParOldGen       total 175104K, used 15681K [0x00000000e0000000, 0x00000000eab00000, 0x00000000f5580000)
  object space 175104K, 8% used [0x00000000e0000000,0x00000000e0f507e0,0x00000000eab00000)
 Metaspace       used 45617K, capacity 47838K, committed 48000K, reserved 1089536K
  class space    used 6575K, capacity 7014K, committed 7040K, reserved 1048576K
}
Event: 12.180 GC heap before
{Heap before GC invocations=10 (full 2):
 PSYoungGen      total 159232K, used 159009K [0x00000000f5580000, 0x0000000100000000, 0x0000000100000000)
  eden space 145408K, 100% used [0x00000000f5580000,0x00000000fe380000,0x00000000fe380000)
  from space 13824K, 98% used [0x00000000fe380000,0x00000000ff0c8658,0x00000000ff100000)
  to   space 15360K, 0% used [0x00000000ff100000,0x00000000ff100000,0x0000000100000000)
 ParOldGen       total 175104K, used 15681K [0x00000000e0000000, 0x00000000eab00000, 0x00000000f5580000)
  object space 175104K, 8% used [0x00000000e0000000,0x00000000e0f507e0,0x00000000eab00000)
 Metaspace       used 50541K, capacity 53460K, committed 53504K, reserved 1095680K
  class space    used 7330K, capacity 7913K, committed 7936K, reserved 1048576K
Event: 12.196 GC heap after
Heap after GC invocations=10 (full 2):
 PSYoungGen      total 155136K, used 15343K [0x00000000f5580000, 0x0000000100000000, 0x0000000100000000)
  eden space 139776K, 0% used [0x00000000f5580000,0x00000000f5580000,0x00000000fde00000)
  from space 15360K, 99% used [0x00000000ff100000,0x00000000ffffbf10,0x0000000100000000)
  to   space 17408K, 0% used [0x00000000fde00000,0x00000000fde00000,0x00000000fef00000)
 ParOldGen       total 175104K, used 15984K [0x00000000e0000000, 0x00000000eab00000, 0x00000000f5580000)
  object space 175104K, 9% used [0x00000000e0000000,0x00000000e0f9c2c0,0x00000000eab00000)
 Metaspace       used 50541K, capacity 53460K, committed 53504K, reserved 1095680K
  class space    used 7330K, capacity 7913K, committed 7936K, reserved 1048576K
}

