# JRE version: OpenJDK Runtime Environment Temurin-17.0.5+8 (17.0.5+8) (build 17.0.5+8)
# Java VM: OpenJDK 64-Bit Server VM Temurin-17.0.5+8 (17.0.5+8, mixed mode, sharing, tiered, compressed oops, compressed class ptrs, parallel gc, windows-amd64)
GC Precious Log:
 CPUs: 8 total, 8 available
 Memory: 16167M
 Large Page Support: Disabled
 NUMA Support: Disabled
 Compressed Oops: Enabled (32-bit)
 Alignments: Space 512K, Generation 512K, Heap 2M
 Heap Min Capacity: 100M
 Heap Initial Capacity: 100M
 Heap Max Capacity: 1G
 Pre-touch: Disabled
 Parallel Workers: 8
Heap:
 PSYoungGen      total 22528K, used 20423K [0x00000000eab00000, 0x00000000ec800000, 0x0000000100000000)
  eden space 22016K, 90% used [0x00000000eab00000,0x00000000ebe77d80,0x00000000ec080000)
  from space 512K, 95% used [0x00000000ec780000,0x00000000ec7f9f60,0x00000000ec800000)
  to   space 2048K, 0% used [0x00000000ec400000,0x00000000ec400000,0x00000000ec600000)
 ParOldGen       total 68608K, used 38342K [0x00000000c0000000, 0x00000000c4300000, 0x00000000eab00000)
  object space 68608K, 55% used [0x00000000c0000000,0x00000000c2571948,0x00000000c4300000)
 Metaspace       used 55964K, committed 57024K, reserved 1105920K
  class space    used 6508K, committed 6976K, reserved 1048576K
GC Heap History (20 events):
Event: 10.394 GC heap before
{Heap before GC invocations=15 (full 2):
 PSYoungGen      total 24064K, used 23968K [0x00000000eab00000, 0x00000000ec680000, 0x0000000100000000)
  eden space 22528K, 100% used [0x00000000eab00000,0x00000000ec100000,0x00000000ec100000)
  from space 1536K, 93% used [0x00000000ec500000,0x00000000ec668000,0x00000000ec680000)
  to   space 2048K, 0% used [0x00000000ec280000,0x00000000ec280000,0x00000000ec480000)
 ParOldGen       total 68608K, used 15295K [0x00000000c0000000, 0x00000000c4300000, 0x00000000eab00000)
  object space 68608K, 22% used [0x00000000c0000000,0x00000000c0eeffe0,0x00000000c4300000)
 Metaspace       used 39183K, committed 40064K, reserved 1089536K
  class space    used 4233K, committed 4608K, reserved 1048576K
}
Event: 10.398 GC heap after
{Heap after GC invocations=15 (full 2):
 PSYoungGen      total 24064K, used 2025K [0x00000000eab00000, 0x00000000ecc80000, 0x0000000100000000)
  eden space 22016K, 0% used [0x00000000eab00000,0x00000000eab00000,0x00000000ec080000)
  from space 2048K, 98% used [0x00000000ec280000,0x00000000ec47a5b8,0x00000000ec480000)
  to   space 6144K, 0% used [0x00000000ec680000,0x00000000ec680000,0x00000000ecc80000)
 ParOldGen       total 68608K, used 18526K [0x00000000c0000000, 0x00000000c4300000, 0x00000000eab00000)
  object space 68608K, 27% used [0x00000000c0000000,0x00000000c1217bc0,0x00000000c4300000)
 Metaspace       used 39183K, committed 40064K, reserved 1089536K
  class space    used 4233K, committed 4608K, reserved 1048576K
}
Event: 11.910 GC heap before
{Heap before GC invocations=16 (full 2):
 PSYoungGen      total 24064K, used 24041K [0x00000000eab00000, 0x00000000ecc80000, 0x0000000100000000)
  eden space 22016K, 100% used [0x00000000eab00000,0x00000000ec080000,0x00000000ec080000)
  from space 2048K, 98% used [0x00000000ec280000,0x00000000ec47a5b8,0x00000000ec480000)
  to   space 6144K, 0% used [0x00000000ec680000,0x00000000ec680000,0x00000000ecc80000)
 ParOldGen       total 68608K, used 18526K [0x00000000c0000000, 0x00000000c4300000, 0x00000000eab00000)
  object space 68608K, 27% used [0x00000000c0000000,0x00000000c1217bc0,0x00000000c4300000)
 Metaspace       used 40668K, committed 41536K, reserved 1089536K
  class space    used 4460K, committed 4800K, reserved 1048576K
}
Event: 11.917 GC heap after
{Heap after GC invocations=16 (full 2):
 PSYoungGen      total 25088K, used 2912K [0x00000000eab00000, 0x00000000ec980000, 0x0000000100000000)
  eden space 22016K, 0% used [0x00000000eab00000,0x00000000eab00000,0x00000000ec080000)
  from space 3072K, 94% used [0x00000000ec680000,0x00000000ec958000,0x00000000ec980000)
  to   space 4096K, 0% used [0x00000000ec180000,0x00000000ec180000,0x00000000ec580000)
 ParOldGen       total 68608K, used 20266K [0x00000000c0000000, 0x00000000c4300000, 0x00000000eab00000)
  object space 68608K, 29% used [0x00000000c0000000,0x00000000c13cabd8,0x00000000c4300000)
 Metaspace       used 40668K, committed 41536K, reserved 1089536K
  class space    used 4460K, committed 4800K, reserved 1048576K
}
Event: 14.767 GC heap before
{Heap before GC invocations=17 (full 2):
 PSYoungGen      total 25088K, used 24928K [0x00000000eab00000, 0x00000000ec980000, 0x0000000100000000)
  eden space 22016K, 100% used [0x00000000eab00000,0x00000000ec080000,0x00000000ec080000)
  from space 3072K, 94% used [0x00000000ec680000,0x00000000ec958000,0x00000000ec980000)
  to   space 4096K, 0% used [0x00000000ec180000,0x00000000ec180000,0x00000000ec580000)
 ParOldGen       total 68608K, used 20266K [0x00000000c0000000, 0x00000000c4300000, 0x00000000eab00000)
  object space 68608K, 29% used [0x00000000c0000000,0x00000000c13cabd8,0x00000000c4300000)
 Metaspace       used 42175K, committed 43008K, reserved 1089536K
  class space    used 4712K, committed 5056K, reserved 1048576K
}
Event: 14.773 GC heap after
{Heap after GC invocations=17 (full 2):
 PSYoungGen      total 26112K, used 4078K [0x00000000eab00000, 0x00000000ed780000, 0x0000000100000000)
  eden space 22016K, 0% used [0x00000000eab00000,0x00000000eab00000,0x00000000ec080000)
  from space 4096K, 99% used [0x00000000ec180000,0x00000000ec57bb58,0x00000000ec580000)
  to   space 11776K, 0% used [0x00000000ecc00000,0x00000000ecc00000,0x00000000ed780000)
 ParOldGen       total 68608K, used 26398K [0x00000000c0000000, 0x00000000c4300000, 0x00000000eab00000)
  object space 68608K, 38% used [0x00000000c0000000,0x00000000c19c7960,0x00000000c4300000)
 Metaspace       used 42175K, committed 43008K, reserved 1089536K
  class space    used 4712K, committed 5056K, reserved 1048576K
}
Event: 15.916 GC heap before
{Heap before GC invocations=18 (full 2):
 PSYoungGen      total 26112K, used 26094K [0x00000000eab00000, 0x00000000ed780000, 0x0000000100000000)
  eden space 22016K, 100% used [0x00000000eab00000,0x00000000ec080000,0x00000000ec080000)
  from space 4096K, 99% used [0x00000000ec180000,0x00000000ec57bb58,0x00000000ec580000)
  to   space 11776K, 0% used [0x00000000ecc00000,0x00000000ecc00000,0x00000000ed780000)
 ParOldGen       total 68608K, used 26398K [0x00000000c0000000, 0x00000000c4300000, 0x00000000eab00000)
  object space 68608K, 38% used [0x00000000c0000000,0x00000000c19c7960,0x00000000c4300000)
 Metaspace       used 42980K, committed 43904K, reserved 1089536K
  class space    used 4830K, committed 5248K, reserved 1048576K
}
Event: 15.920 GC heap after
{Heap after GC invocations=18 (full 2):
 PSYoungGen      total 23040K, used 704K [0x00000000eab00000, 0x00000000ecd00000, 0x0000000100000000)
  eden space 22016K, 0% used [0x00000000eab00000,0x00000000eab00000,0x00000000ec080000)
  from space 1024K, 68% used [0x00000000ecc00000,0x00000000eccb0000,0x00000000ecd00000)
  to   space 4608K, 0% used [0x00000000ec400000,0x00000000ec400000,0x00000000ec880000)
 ParOldGen       total 68608K, used 30435K [0x00000000c0000000, 0x00000000c4300000, 0x00000000eab00000)
  object space 68608K, 44% used [0x00000000c0000000,0x00000000c1db8f88,0x00000000c4300000)
 Metaspace       used 42980K, committed 43904K, reserved 1089536K
  class space    used 4830K, committed 5248K, reserved 1048576K
}
Event: 16.490 GC heap before
{Heap before GC invocations=19 (full 2):
 PSYoungGen      total 23040K, used 22720K [0x00000000eab00000, 0x00000000ecd00000, 0x0000000100000000)
  eden space 22016K, 100% used [0x00000000eab00000,0x00000000ec080000,0x00000000ec080000)
  from space 1024K, 68% used [0x00000000ecc00000,0x00000000eccb0000,0x00000000ecd00000)
  to   space 4608K, 0% used [0x00000000ec400000,0x00000000ec400000,0x00000000ec880000)
 ParOldGen       total 68608K, used 30435K [0x00000000c0000000, 0x00000000c4300000, 0x00000000eab00000)
  object space 68608K, 44% used [0x00000000c0000000,0x00000000c1db8f88,0x00000000c4300000)
 Metaspace       used 43336K, committed 44288K, reserved 1089536K
  class space    used 4916K, committed 5312K, reserved 1048576K
}
Event: 16.493 GC heap after
{Heap after GC invocations=19 (full 2):
 PSYoungGen      total 26624K, used 4424K [0x00000000eab00000, 0x00000000ecc80000, 0x0000000100000000)
  eden space 22016K, 0% used [0x00000000eab00000,0x00000000eab00000,0x00000000ec080000)
  from space 4608K, 96% used [0x00000000ec400000,0x00000000ec852150,0x00000000ec880000)
  to   space 4096K, 0% used [0x00000000ec880000,0x00000000ec880000,0x00000000ecc80000)
 ParOldGen       total 68608K, used 30996K [0x00000000c0000000, 0x00000000c4300000, 0x00000000eab00000)
  object space 68608K, 45% used [0x00000000c0000000,0x00000000c1e45298,0x00000000c4300000)
 Metaspace       used 43336K, committed 44288K, reserved 1089536K
  class space    used 4916K, committed 5312K, reserved 1048576K
}
Event: 17.605 GC heap before
{Heap before GC invocations=20 (full 2):
 PSYoungGen      total 26624K, used 26440K [0x00000000eab00000, 0x00000000ecc80000, 0x0000000100000000)
  eden space 22016K, 100% used [0x00000000eab00000,0x00000000ec080000,0x00000000ec080000)
  from space 4608K, 96% used [0x00000000ec400000,0x00000000ec852150,0x00000000ec880000)
  to   space 4096K, 0% used [0x00000000ec880000,0x00000000ec880000,0x00000000ecc80000)
 ParOldGen       total 68608K, used 30996K [0x00000000c0000000, 0x00000000c4300000, 0x00000000eab00000)
  object space 68608K, 45% used [0x00000000c0000000,0x00000000c1e45298,0x00000000c4300000)
 Metaspace       used 45725K, committed 46656K, reserved 1097728K
  class space    used 5332K, committed 5760K, reserved 1048576K
}
Event: 17.609 GC heap after
{Heap after GC invocations=20 (full 2):
 PSYoungGen      total 23040K, used 704K [0x00000000eab00000, 0x00000000ec980000, 0x0000000100000000)
  eden space 22016K, 0% used [0x00000000eab00000,0x00000000eab00000,0x00000000ec080000)
  from space 1024K, 68% used [0x00000000ec880000,0x00000000ec930020,0x00000000ec980000)
  to   space 2560K, 0% used [0x00000000ec480000,0x00000000ec480000,0x00000000ec700000)
 ParOldGen       total 68608K, used 35145K [0x00000000c0000000, 0x00000000c4300000, 0x00000000eab00000)
  object space 68608K, 51% used [0x00000000c0000000,0x00000000c2252790,0x00000000c4300000)
 Metaspace       used 45725K, committed 46656K, reserved 1097728K
  class space    used 5332K, committed 5760K, reserved 1048576K
}
Event: 19.953 GC heap before
{Heap before GC invocations=21 (full 2):
 PSYoungGen      total 23040K, used 22720K [0x00000000eab00000, 0x00000000ec980000, 0x0000000100000000)
  eden space 22016K, 100% used [0x00000000eab00000,0x00000000ec080000,0x00000000ec080000)
  from space 1024K, 68% used [0x00000000ec880000,0x00000000ec930020,0x00000000ec980000)
  to   space 2560K, 0% used [0x00000000ec480000,0x00000000ec480000,0x00000000ec700000)
 ParOldGen       total 68608K, used 35145K [0x00000000c0000000, 0x00000000c4300000, 0x00000000eab00000)
  object space 68608K, 51% used [0x00000000c0000000,0x00000000c2252790,0x00000000c4300000)
 Metaspace       used 48599K, committed 49600K, reserved 1097728K
  class space    used 5714K, committed 6144K, reserved 1048576K
}
Event: 19.955 GC heap after
{Heap after GC invocations=21 (full 2):
 PSYoungGen      total 24576K, used 928K [0x00000000eab00000, 0x00000000ec900000, 0x0000000100000000)
  eden space 22016K, 0% used [0x00000000eab00000,0x00000000eab00000,0x00000000ec080000)
  from space 2560K, 36% used [0x00000000ec480000,0x00000000ec568000,0x00000000ec700000)
  to   space 1536K, 0% used [0x00000000ec780000,0x00000000ec780000,0x00000000ec900000)
 ParOldGen       total 68608K, used 35713K [0x00000000c0000000, 0x00000000c4300000, 0x00000000eab00000)
  object space 68608K, 52% used [0x00000000c0000000,0x00000000c22e07d0,0x00000000c4300000)
 Metaspace       used 48599K, committed 49600K, reserved 1097728K
  class space    used 5714K, committed 6144K, reserved 1048576K
}
Event: 21.152 GC heap before
{Heap before GC invocations=22 (full 2):
 PSYoungGen      total 24576K, used 22944K [0x00000000eab00000, 0x00000000ec900000, 0x0000000100000000)
  eden space 22016K, 100% used [0x00000000eab00000,0x00000000ec080000,0x00000000ec080000)
  from space 2560K, 36% used [0x00000000ec480000,0x00000000ec568000,0x00000000ec700000)
  to   space 1536K, 0% used [0x00000000ec780000,0x00000000ec780000,0x00000000ec900000)
 ParOldGen       total 68608K, used 35713K [0x00000000c0000000, 0x00000000c4300000, 0x00000000eab00000)
  object space 68608K, 52% used [0x00000000c0000000,0x00000000c22e07d0,0x00000000c4300000)
 Metaspace       used 51058K, committed 52032K, reserved 1097728K
  class space    used 5955K, committed 6336K, reserved 1048576K
}
Event: 21.154 GC heap after
{Heap after GC invocations=22 (full 2):
 PSYoungGen      total 23040K, used 937K [0x00000000eab00000, 0x00000000ec880000, 0x0000000100000000)
  eden space 22016K, 0% used [0x00000000eab00000,0x00000000eab00000,0x00000000ec080000)
  from space 1024K, 91% used [0x00000000ec780000,0x00000000ec86a480,0x00000000ec880000)
  to   space 1024K, 0% used [0x00000000ec680000,0x00000000ec680000,0x00000000ec780000)
 ParOldGen       total 68608K, used 36449K [0x00000000c0000000, 0x00000000c4300000, 0x00000000eab00000)
  object space 68608K, 53% used [0x00000000c0000000,0x00000000c23984e0,0x00000000c4300000)
 Metaspace       used 51058K, committed 52032K, reserved 1097728K
  class space    used 5955K, committed 6336K, reserved 1048576K
}
Event: 21.968 GC heap before
{Heap before GC invocations=23 (full 2):
 PSYoungGen      total 23040K, used 22929K [0x00000000eab00000, 0x00000000ec880000, 0x0000000100000000)
  eden space 22016K, 99% used [0x00000000eab00000,0x00000000ec07a288,0x00000000ec080000)
  from space 1024K, 91% used [0x00000000ec780000,0x00000000ec86a480,0x00000000ec880000)
  to   space 1024K, 0% used [0x00000000ec680000,0x00000000ec680000,0x00000000ec780000)
 ParOldGen       total 68608K, used 36449K [0x00000000c0000000, 0x00000000c4300000, 0x00000000eab00000)
  object space 68608K, 53% used [0x00000000c0000000,0x00000000c23984e0,0x00000000c4300000)
 Metaspace       used 53050K, committed 54080K, reserved 1097728K
  class space    used 6230K, committed 6656K, reserved 1048576K
}
Event: 21.969 GC heap after
{Heap after GC invocations=23 (full 2):
 PSYoungGen      total 23040K, used 678K [0x00000000eab00000, 0x00000000ec800000, 0x0000000100000000)
  eden space 22016K, 0% used [0x00000000eab00000,0x00000000eab00000,0x00000000ec080000)
  from space 1024K, 66% used [0x00000000ec680000,0x00000000ec729ab0,0x00000000ec780000)
  to   space 512K, 0% used [0x00000000ec780000,0x00000000ec780000,0x00000000ec800000)
 ParOldGen       total 68608K, used 37125K [0x00000000c0000000, 0x00000000c4300000, 0x00000000eab00000)
  object space 68608K, 54% used [0x00000000c0000000,0x00000000c2441630,0x00000000c4300000)
 Metaspace       used 53050K, committed 54080K, reserved 1097728K
  class space    used 6230K, committed 6656K, reserved 1048576K
}
Event: 72.443 GC heap before
{Heap before GC invocations=24 (full 2):
 PSYoungGen      total 23040K, used 22675K [0x00000000eab00000, 0x00000000ec800000, 0x0000000100000000)
  eden space 22016K, 99% used [0x00000000eab00000,0x00000000ec07b548,0x00000000ec080000)
  from space 1024K, 66% used [0x00000000ec680000,0x00000000ec729ab0,0x00000000ec780000)
  to   space 512K, 0% used [0x00000000ec780000,0x00000000ec780000,0x00000000ec800000)
 ParOldGen       total 68608K, used 37125K [0x00000000c0000000, 0x00000000c4300000, 0x00000000eab00000)
  object space 68608K, 54% used [0x00000000c0000000,0x00000000c2441630,0x00000000c4300000)
 Metaspace       used 55525K, committed 56512K, reserved 1105920K
  class space    used 6483K, committed 6912K, reserved 1048576K
}
Event: 72.444 GC heap after
{Heap after GC invocations=24 (full 2):
 PSYoungGen      total 22528K, used 487K [0x00000000eab00000, 0x00000000ec800000, 0x0000000100000000)
  eden space 22016K, 0% used [0x00000000eab00000,0x00000000eab00000,0x00000000ec080000)
  from space 512K, 95% used [0x00000000ec780000,0x00000000ec7f9f60,0x00000000ec800000)
  to   space 2048K, 0% used [0x00000000ec400000,0x00000000ec400000,0x00000000ec600000)
 ParOldGen       total 68608K, used 38342K [0x00000000c0000000, 0x00000000c4300000, 0x00000000eab00000)
  object space 68608K, 55% used [0x00000000c0000000,0x00000000c2571948,0x00000000c4300000)
 Metaspace       used 55525K, committed 56512K, reserved 1105920K
  class space    used 6483K, committed 6912K, reserved 1048576K
}

