# JRE version: OpenJDK Runtime Environment Temurin-17.0.5+8 (17.0.5+8) (build 17.0.5+8)
# Java VM: OpenJDK 64-Bit Server VM Temurin-17.0.5+8 (17.0.5+8, mixed mode, sharing, tiered, compressed oops, compressed class ptrs, parallel gc, windows-amd64)
GC Precious Log:
 CPUs: 8 total, 8 available
 Memory: 16167M
 Large Page Support: Disabled
 NUMA Support: Disabled
 Compressed Oops: Enabled (32-bit)
 Alignments: Space 512K, Generation 512K, Heap 2M
 Heap Min Capacity: 100M
 Heap Initial Capacity: 100M
 Heap Max Capacity: 1G
 Pre-touch: Disabled
 Parallel Workers: 8
Heap:
 PSYoungGen      total 24576K, used 13235K [0x00000000eab00000, 0x00000000ec680000, 0x0000000100000000)
  eden space 22016K, 56% used [0x00000000eab00000,0x00000000eb714fc8,0x00000000ec080000)
  from space 2560K, 33% used [0x00000000ec200000,0x00000000ec2d8000,0x00000000ec480000)
  to   space 1024K, 0% used [0x00000000ec580000,0x00000000ec580000,0x00000000ec680000)
 ParOldGen       total 68608K, used 33633K [0x00000000c0000000, 0x00000000c4300000, 0x00000000eab00000)
  object space 68608K, 49% used [0x00000000c0000000,0x00000000c20d85c8,0x00000000c4300000)
 Metaspace       used 49562K, committed 50496K, reserved 1097728K
  class space    used 5821K, committed 6208K, reserved 1048576K
GC Heap History (20 events):
Event: 5.419 GC heap before
{Heap before GC invocations=12 (full 1):
 PSYoungGen      total 25088K, used 16650K [0x00000000eab00000, 0x00000000ec880000, 0x0000000100000000)
  eden space 23040K, 64% used [0x00000000eab00000,0x00000000eb98f530,0x00000000ec180000)
  from space 2048K, 84% used [0x00000000ec680000,0x00000000ec833310,0x00000000ec880000)
  to   space 2560K, 0% used [0x00000000ec380000,0x00000000ec380000,0x00000000ec600000)
 ParOldGen       total 68608K, used 12478K [0x00000000c0000000, 0x00000000c4300000, 0x00000000eab00000)
  object space 68608K, 18% used [0x00000000c0000000,0x00000000c0c2fa90,0x00000000c4300000)
 Metaspace       used 35102K, committed 35840K, reserved 1081344K
  class space    used 3729K, committed 4032K, reserved 1048576K
}
Event: 5.421 GC heap after
{Heap after GC invocations=12 (full 1):
 PSYoungGen      total 24576K, used 1056K [0x00000000eab00000, 0x00000000ec700000, 0x0000000100000000)
  eden space 23040K, 0% used [0x00000000eab00000,0x00000000eab00000,0x00000000ec180000)
  from space 1536K, 68% used [0x00000000ec380000,0x00000000ec488000,0x00000000ec500000)
  to   space 1536K, 0% used [0x00000000ec580000,0x00000000ec580000,0x00000000ec700000)
 ParOldGen       total 68608K, used 14114K [0x00000000c0000000, 0x00000000c4300000, 0x00000000eab00000)
  object space 68608K, 20% used [0x00000000c0000000,0x00000000c0dc8aa8,0x00000000c4300000)
 Metaspace       used 35102K, committed 35840K, reserved 1081344K
  class space    used 3729K, committed 4032K, reserved 1048576K
}
Event: 5.421 GC heap before
{Heap before GC invocations=13 (full 2):
 PSYoungGen      total 24576K, used 1056K [0x00000000eab00000, 0x00000000ec700000, 0x0000000100000000)
  eden space 23040K, 0% used [0x00000000eab00000,0x00000000eab00000,0x00000000ec180000)
  from space 1536K, 68% used [0x00000000ec380000,0x00000000ec488000,0x00000000ec500000)
  to   space 1536K, 0% used [0x00000000ec580000,0x00000000ec580000,0x00000000ec700000)
 ParOldGen       total 68608K, used 14114K [0x00000000c0000000, 0x00000000c4300000, 0x00000000eab00000)
  object space 68608K, 20% used [0x00000000c0000000,0x00000000c0dc8aa8,0x00000000c4300000)
 Metaspace       used 35102K, committed 35840K, reserved 1081344K
  class space    used 3729K, committed 4032K, reserved 1048576K
}
Event: 5.455 GC heap after
{Heap after GC invocations=13 (full 2):
 PSYoungGen      total 24576K, used 0K [0x00000000eab00000, 0x00000000ec700000, 0x0000000100000000)
  eden space 23040K, 0% used [0x00000000eab00000,0x00000000eab00000,0x00000000ec180000)
  from space 1536K, 0% used [0x00000000ec380000,0x00000000ec380000,0x00000000ec500000)
  to   space 1536K, 0% used [0x00000000ec580000,0x00000000ec580000,0x00000000ec700000)
 ParOldGen       total 68608K, used 14664K [0x00000000c0000000, 0x00000000c4300000, 0x00000000eab00000)
  object space 68608K, 21% used [0x00000000c0000000,0x00000000c0e520d8,0x00000000c4300000)
 Metaspace       used 35102K, committed 35840K, reserved 1081344K
  class space    used 3729K, committed 4032K, reserved 1048576K
}
Event: 5.849 GC heap before
{Heap before GC invocations=14 (full 2):
 PSYoungGen      total 24576K, used 23040K [0x00000000eab00000, 0x00000000ec700000, 0x0000000100000000)
  eden space 23040K, 100% used [0x00000000eab00000,0x00000000ec180000,0x00000000ec180000)
  from space 1536K, 0% used [0x00000000ec380000,0x00000000ec380000,0x00000000ec500000)
  to   space 1536K, 0% used [0x00000000ec580000,0x00000000ec580000,0x00000000ec700000)
 ParOldGen       total 68608K, used 14664K [0x00000000c0000000, 0x00000000c4300000, 0x00000000eab00000)
  object space 68608K, 21% used [0x00000000c0000000,0x00000000c0e520d8,0x00000000c4300000)
 Metaspace       used 38034K, committed 38848K, reserved 1089536K
  class space    used 4106K, committed 4480K, reserved 1048576K
}
Event: 5.851 GC heap after
{Heap after GC invocations=14 (full 2):
 PSYoungGen      total 24064K, used 1512K [0x00000000eab00000, 0x00000000ec700000, 0x0000000100000000)
  eden space 22528K, 0% used [0x00000000eab00000,0x00000000eab00000,0x00000000ec100000)
  from space 1536K, 98% used [0x00000000ec580000,0x00000000ec6fa300,0x00000000ec700000)
  to   space 2048K, 0% used [0x00000000ec300000,0x00000000ec300000,0x00000000ec500000)
 ParOldGen       total 68608K, used 14680K [0x00000000c0000000, 0x00000000c4300000, 0x00000000eab00000)
  object space 68608K, 21% used [0x00000000c0000000,0x00000000c0e560d8,0x00000000c4300000)
 Metaspace       used 38034K, committed 38848K, reserved 1089536K
  class space    used 4106K, committed 4480K, reserved 1048576K
}
Event: 6.275 GC heap before
{Heap before GC invocations=15 (full 2):
 PSYoungGen      total 24064K, used 24040K [0x00000000eab00000, 0x00000000ec700000, 0x0000000100000000)
  eden space 22528K, 100% used [0x00000000eab00000,0x00000000ec100000,0x00000000ec100000)
  from space 1536K, 98% used [0x00000000ec580000,0x00000000ec6fa300,0x00000000ec700000)
  to   space 2048K, 0% used [0x00000000ec300000,0x00000000ec300000,0x00000000ec500000)
 ParOldGen       total 68608K, used 14680K [0x00000000c0000000, 0x00000000c4300000, 0x00000000eab00000)
  object space 68608K, 21% used [0x00000000c0000000,0x00000000c0e560d8,0x00000000c4300000)
 Metaspace       used 38956K, committed 39744K, reserved 1089536K
  class space    used 4199K, committed 4544K, reserved 1048576K
}
Event: 6.278 GC heap after
{Heap after GC invocations=15 (full 2):
 PSYoungGen      total 24064K, used 2026K [0x00000000eab00000, 0x00000000ec980000, 0x0000000100000000)
  eden space 22016K, 0% used [0x00000000eab00000,0x00000000eab00000,0x00000000ec080000)
  from space 2048K, 98% used [0x00000000ec300000,0x00000000ec4fa8f8,0x00000000ec500000)
  to   space 4608K, 0% used [0x00000000ec500000,0x00000000ec500000,0x00000000ec980000)
 ParOldGen       total 68608K, used 16712K [0x00000000c0000000, 0x00000000c4300000, 0x00000000eab00000)
  object space 68608K, 24% used [0x00000000c0000000,0x00000000c1052270,0x00000000c4300000)
 Metaspace       used 38956K, committed 39744K, reserved 1089536K
  class space    used 4199K, committed 4544K, reserved 1048576K
}
Event: 6.716 GC heap before
{Heap before GC invocations=16 (full 2):
 PSYoungGen      total 24064K, used 24029K [0x00000000eab00000, 0x00000000ec980000, 0x0000000100000000)
  eden space 22016K, 99% used [0x00000000eab00000,0x00000000ec07cee0,0x00000000ec080000)
  from space 2048K, 98% used [0x00000000ec300000,0x00000000ec4fa8f8,0x00000000ec500000)
  to   space 4608K, 0% used [0x00000000ec500000,0x00000000ec500000,0x00000000ec980000)
 ParOldGen       total 68608K, used 16712K [0x00000000c0000000, 0x00000000c4300000, 0x00000000eab00000)
  object space 68608K, 24% used [0x00000000c0000000,0x00000000c1052270,0x00000000c4300000)
 Metaspace       used 40704K, committed 41536K, reserved 1089536K
  class space    used 4463K, committed 4800K, reserved 1048576K
}
Event: 6.721 GC heap after
{Heap after GC invocations=16 (full 2):
 PSYoungGen      total 25600K, used 3542K [0x00000000eab00000, 0x00000000ec880000, 0x0000000100000000)
  eden space 22016K, 0% used [0x00000000eab00000,0x00000000eab00000,0x00000000ec080000)
  from space 3584K, 98% used [0x00000000ec500000,0x00000000ec8758c8,0x00000000ec880000)
  to   space 4096K, 0% used [0x00000000ec080000,0x00000000ec080000,0x00000000ec480000)
 ParOldGen       total 68608K, used 18649K [0x00000000c0000000, 0x00000000c4300000, 0x00000000eab00000)
  object space 68608K, 27% used [0x00000000c0000000,0x00000000c1236410,0x00000000c4300000)
 Metaspace       used 40704K, committed 41536K, reserved 1089536K
  class space    used 4463K, committed 4800K, reserved 1048576K
}
Event: 7.259 GC heap before
{Heap before GC invocations=17 (full 2):
 PSYoungGen      total 25600K, used 25558K [0x00000000eab00000, 0x00000000ec880000, 0x0000000100000000)
  eden space 22016K, 100% used [0x00000000eab00000,0x00000000ec080000,0x00000000ec080000)
  from space 3584K, 98% used [0x00000000ec500000,0x00000000ec8758c8,0x00000000ec880000)
  to   space 4096K, 0% used [0x00000000ec080000,0x00000000ec080000,0x00000000ec480000)
 ParOldGen       total 68608K, used 18649K [0x00000000c0000000, 0x00000000c4300000, 0x00000000eab00000)
  object space 68608K, 27% used [0x00000000c0000000,0x00000000c1236410,0x00000000c4300000)
 Metaspace       used 42155K, committed 43008K, reserved 1089536K
  class space    used 4730K, committed 5056K, reserved 1048576K
}
Event: 7.263 GC heap after
{Heap after GC invocations=17 (full 2):
 PSYoungGen      total 26112K, used 3725K [0x00000000eab00000, 0x00000000ec880000, 0x0000000100000000)
  eden space 22016K, 0% used [0x00000000eab00000,0x00000000eab00000,0x00000000ec080000)
  from space 4096K, 90% used [0x00000000ec080000,0x00000000ec423440,0x00000000ec480000)
  to   space 4096K, 0% used [0x00000000ec480000,0x00000000ec480000,0x00000000ec880000)
 ParOldGen       total 68608K, used 24821K [0x00000000c0000000, 0x00000000c4300000, 0x00000000eab00000)
  object space 68608K, 36% used [0x00000000c0000000,0x00000000c183d790,0x00000000c4300000)
 Metaspace       used 42155K, committed 43008K, reserved 1089536K
  class space    used 4730K, committed 5056K, reserved 1048576K
}
Event: 7.645 GC heap before
{Heap before GC invocations=18 (full 2):
 PSYoungGen      total 26112K, used 25741K [0x00000000eab00000, 0x00000000ec880000, 0x0000000100000000)
  eden space 22016K, 100% used [0x00000000eab00000,0x00000000ec080000,0x00000000ec080000)
  from space 4096K, 90% used [0x00000000ec080000,0x00000000ec423440,0x00000000ec480000)
  to   space 4096K, 0% used [0x00000000ec480000,0x00000000ec480000,0x00000000ec880000)
 ParOldGen       total 68608K, used 24821K [0x00000000c0000000, 0x00000000c4300000, 0x00000000eab00000)
  object space 68608K, 36% used [0x00000000c0000000,0x00000000c183d790,0x00000000c4300000)
 Metaspace       used 42703K, committed 43584K, reserved 1089536K
  class space    used 4796K, committed 5184K, reserved 1048576K
}
Event: 7.647 GC heap after
{Heap after GC invocations=18 (full 2):
 PSYoungGen      total 23040K, used 640K [0x00000000eab00000, 0x00000000ec580000, 0x0000000100000000)
  eden space 22016K, 0% used [0x00000000eab00000,0x00000000eab00000,0x00000000ec080000)
  from space 1024K, 62% used [0x00000000ec480000,0x00000000ec520000,0x00000000ec580000)
  to   space 2048K, 0% used [0x00000000ec180000,0x00000000ec180000,0x00000000ec380000)
 ParOldGen       total 68608K, used 28423K [0x00000000c0000000, 0x00000000c4300000, 0x00000000eab00000)
  object space 68608K, 41% used [0x00000000c0000000,0x00000000c1bc1fd8,0x00000000c4300000)
 Metaspace       used 42703K, committed 43584K, reserved 1089536K
  class space    used 4796K, committed 5184K, reserved 1048576K
}
Event: 7.851 GC heap before
{Heap before GC invocations=19 (full 2):
 PSYoungGen      total 23040K, used 22656K [0x00000000eab00000, 0x00000000ec580000, 0x0000000100000000)
  eden space 22016K, 100% used [0x00000000eab00000,0x00000000ec080000,0x00000000ec080000)
  from space 1024K, 62% used [0x00000000ec480000,0x00000000ec520000,0x00000000ec580000)
  to   space 2048K, 0% used [0x00000000ec180000,0x00000000ec180000,0x00000000ec380000)
 ParOldGen       total 68608K, used 28423K [0x00000000c0000000, 0x00000000c4300000, 0x00000000eab00000)
  object space 68608K, 41% used [0x00000000c0000000,0x00000000c1bc1fd8,0x00000000c4300000)
 Metaspace       used 43388K, committed 44288K, reserved 1089536K
  class space    used 4948K, committed 5312K, reserved 1048576K
}
Event: 7.853 GC heap after
{Heap after GC invocations=19 (full 2):
 PSYoungGen      total 24064K, used 2028K [0x00000000eab00000, 0x00000000ecb80000, 0x0000000100000000)
  eden space 22016K, 0% used [0x00000000eab00000,0x00000000eab00000,0x00000000ec080000)
  from space 2048K, 99% used [0x00000000ec180000,0x00000000ec37b238,0x00000000ec380000)
  to   space 5632K, 0% used [0x00000000ec600000,0x00000000ec600000,0x00000000ecb80000)
 ParOldGen       total 68608K, used 31139K [0x00000000c0000000, 0x00000000c4300000, 0x00000000eab00000)
  object space 68608K, 45% used [0x00000000c0000000,0x00000000c1e68e10,0x00000000c4300000)
 Metaspace       used 43388K, committed 44288K, reserved 1089536K
  class space    used 4948K, committed 5312K, reserved 1048576K
}
Event: 8.264 GC heap before
{Heap before GC invocations=20 (full 2):
 PSYoungGen      total 24064K, used 24044K [0x00000000eab00000, 0x00000000ecb80000, 0x0000000100000000)
  eden space 22016K, 100% used [0x00000000eab00000,0x00000000ec080000,0x00000000ec080000)
  from space 2048K, 99% used [0x00000000ec180000,0x00000000ec37b238,0x00000000ec380000)
  to   space 5632K, 0% used [0x00000000ec600000,0x00000000ec600000,0x00000000ecb80000)
 ParOldGen       total 68608K, used 31139K [0x00000000c0000000, 0x00000000c4300000, 0x00000000eab00000)
  object space 68608K, 45% used [0x00000000c0000000,0x00000000c1e68e10,0x00000000c4300000)
 Metaspace       used 45813K, committed 46656K, reserved 1097728K
  class space    used 5368K, committed 5760K, reserved 1048576K
}
Event: 8.267 GC heap after
{Heap after GC invocations=20 (full 2):
 PSYoungGen      total 23040K, used 608K [0x00000000eab00000, 0x00000000ec700000, 0x0000000100000000)
  eden space 22016K, 0% used [0x00000000eab00000,0x00000000eab00000,0x00000000ec080000)
  from space 1024K, 59% used [0x00000000ec600000,0x00000000ec698000,0x00000000ec700000)
  to   space 2560K, 0% used [0x00000000ec200000,0x00000000ec200000,0x00000000ec480000)
 ParOldGen       total 68608K, used 33121K [0x00000000c0000000, 0x00000000c4300000, 0x00000000eab00000)
  object space 68608K, 48% used [0x00000000c0000000,0x00000000c20585c8,0x00000000c4300000)
 Metaspace       used 45813K, committed 46656K, reserved 1097728K
  class space    used 5368K, committed 5760K, reserved 1048576K
}
Event: 15.531 GC heap before
{Heap before GC invocations=21 (full 2):
 PSYoungGen      total 23040K, used 22624K [0x00000000eab00000, 0x00000000ec700000, 0x0000000100000000)
  eden space 22016K, 100% used [0x00000000eab00000,0x00000000ec080000,0x00000000ec080000)
  from space 1024K, 59% used [0x00000000ec600000,0x00000000ec698000,0x00000000ec700000)
  to   space 2560K, 0% used [0x00000000ec200000,0x00000000ec200000,0x00000000ec480000)
 ParOldGen       total 68608K, used 33121K [0x00000000c0000000, 0x00000000c4300000, 0x00000000eab00000)
  object space 68608K, 48% used [0x00000000c0000000,0x00000000c20585c8,0x00000000c4300000)
 Metaspace       used 48497K, committed 49408K, reserved 1097728K
  class space    used 5699K, committed 6080K, reserved 1048576K
}
Event: 15.532 GC heap after
{Heap after GC invocations=21 (full 2):
 PSYoungGen      total 24576K, used 864K [0x00000000eab00000, 0x00000000ec680000, 0x0000000100000000)
  eden space 22016K, 0% used [0x00000000eab00000,0x00000000eab00000,0x00000000ec080000)
  from space 2560K, 33% used [0x00000000ec200000,0x00000000ec2d8000,0x00000000ec480000)
  to   space 1024K, 0% used [0x00000000ec580000,0x00000000ec580000,0x00000000ec680000)
 ParOldGen       total 68608K, used 33633K [0x00000000c0000000, 0x00000000c4300000, 0x00000000eab00000)
  object space 68608K, 49% used [0x00000000c0000000,0x00000000c20d85c8,0x00000000c4300000)
 Metaspace       used 48497K, committed 49408K, reserved 1097728K
  class space    used 5699K, committed 6080K, reserved 1048576K
}

